[2024-10-31 14:26:04,488: INFO: main: >>>>> Stage Data Ingestion Stage started <<<<<<<]
[2024-10-31 14:26:04,491: INFO: common: yaml file: config\config.yaml loaded successfully]
[2024-10-31 14:26:04,620: INFO: common: yaml file: params.yaml loaded successfully]
[2024-10-31 14:26:04,622: INFO: common: yaml file: schema.yaml loaded successfully]
[2024-10-31 14:26:04,640: INFO: common: created directory at: artifacts]
[2024-10-31 14:26:04,641: INFO: common: created directory at: artifacts/data_ingestion]
[2024-10-31 14:26:04,642: INFO: data_ingestion: File already exists of size: ~ 23 KB]
[2024-10-31 14:26:04,766: INFO: main: >>>>>>> stage Data Ingestion Stage completed <<<<]
[2024-10-31 14:43:00,353: INFO: main: >>>>> Stage Data Ingestion Stage started <<<<<<<]
[2024-10-31 14:43:00,353: INFO: common: yaml file: config\config.yaml loaded successfully]
[2024-10-31 14:43:00,353: INFO: common: yaml file: params.yaml loaded successfully]
[2024-10-31 14:43:00,353: INFO: common: yaml file: schema.yaml loaded successfully]
[2024-10-31 14:43:00,370: INFO: common: created directory at: artifacts]
[2024-10-31 14:43:00,371: INFO: common: created directory at: artifacts/data_ingestion]
[2024-10-31 14:43:02,281: INFO: data_ingestion: artifacts/data_ingestion/data.zip download! with following info: 
Connection: close
Content-Length: 23329
Cache-Control: max-age=300
Content-Security-Policy: default-src 'none'; style-src 'unsafe-inline'; sandbox
Content-Type: application/zip
ETag: "c69888a4ae59bc5a893392785a938ccd4937981c06ba8a9d6a21aa52b4ab5b6e"
Strict-Transport-Security: max-age=31536000
X-Content-Type-Options: nosniff
X-Frame-Options: deny
X-XSS-Protection: 1; mode=block
X-GitHub-Request-Id: E365:255C0E:26D6E34:287F46C:67239722
Accept-Ranges: bytes
Date: Thu, 31 Oct 2024 14:41:38 GMT
Via: 1.1 varnish
X-Served-By: cache-mrs10568-MRS
X-Cache: MISS
X-Cache-Hits: 0
X-Timer: S1730385699.678910,VS0,VE195
Vary: Authorization,Accept-Encoding,Origin
Access-Control-Allow-Origin: *
Cross-Origin-Resource-Policy: cross-origin
X-Fastly-Request-ID: 2dadff14c4ff717ce1f25ddd829beccba5f9de5f
Expires: Thu, 31 Oct 2024 14:46:38 GMT
Source-Age: 0

]
[2024-10-31 14:43:02,428: INFO: main: >>>>>>> stage Data Ingestion Stage completed <<<<]
