[2024-10-29 19:31:57,118: INFO: common: yaml file: config\config.yaml loaded successfully]
[2024-10-29 19:31:57,122: INFO: common: yaml file: params.yaml loaded successfully]
[2024-10-29 19:31:57,126: INFO: common: yaml file: schema.yaml loaded successfully]
[2024-10-29 19:31:57,129: INFO: common: created directory at: artifacts]
[2024-10-29 19:31:57,132: INFO: common: created directory at: artifacts/data_ingestion]
[2024-10-29 19:32:00,877: INFO: 2366278714: artifacts/data_ingestion/data.zip download! with following info: 
Connection: close
Content-Length: 23329
Cache-Control: max-age=300
Content-Security-Policy: default-src 'none'; style-src 'unsafe-inline'; sandbox
Content-Type: application/zip
ETag: "c69888a4ae59bc5a893392785a938ccd4937981c06ba8a9d6a21aa52b4ab5b6e"
Strict-Transport-Security: max-age=31536000
X-Content-Type-Options: nosniff
X-Frame-Options: deny
X-XSS-Protection: 1; mode=block
X-GitHub-Request-Id: D5A0:3A7B69:447C311:479BB8B:672137DD
Accept-Ranges: bytes
Date: Tue, 29 Oct 2024 19:30:38 GMT
Via: 1.1 varnish
X-Served-By: cache-mrs10577-MRS
X-Cache: MISS
X-Cache-Hits: 0
X-Timer: S1730230238.933879,VS0,VE349
Vary: Authorization,Accept-Encoding,Origin
Access-Control-Allow-Origin: *
Cross-Origin-Resource-Policy: cross-origin
X-Fastly-Request-ID: dcfc0f04265bd9bcc2ce1bc20b71d60c877bd94b
Expires: Tue, 29 Oct 2024 19:35:38 GMT
Source-Age: 0

]
